[debug] [2024-11-17T12:39:29.793Z] ----------------------------------------------------------------------
[debug] [2024-11-17T12:39:29.796Z] Command:       C:\Program Files\nodejs\node.exe C:\Users\Administrator\AppData\Roaming\npm\node_modules\firebase-tools\lib\bin\firebase.js init
[debug] [2024-11-17T12:39:29.796Z] CLI Version:   13.25.0
[debug] [2024-11-17T12:39:29.796Z] Platform:      win32
[debug] [2024-11-17T12:39:29.796Z] Node Version:  v20.17.0
[debug] [2024-11-17T12:39:29.796Z] Time:          Sun Nov 17 2024 14:39:29 GMT+0200 (Eastern European Standard Time)
[debug] [2024-11-17T12:39:29.796Z] ----------------------------------------------------------------------
[debug] 
[debug] [2024-11-17T12:39:29.801Z] > command requires scopes: ["email","openid","https://www.googleapis.com/auth/cloudplatformprojects.readonly","https://www.googleapis.com/auth/firebase","https://www.googleapis.com/auth/cloud-platform"]
[debug] [2024-11-17T12:39:29.801Z] > authorizing via signed-in user (raresrechesan26@gmail.com)
[info] 
     ######## #### ########  ######## ########     ###     ######  ########
     ##        ##  ##     ## ##       ##     ##  ##   ##  ##       ##
     ######    ##  ########  ######   ########  #########  ######  ######
     ##        ##  ##    ##  ##       ##     ## ##     ##       ## ##
     ##       #### ##     ## ######## ########  ##     ##  ######  ########

You're about to initialize a Firebase project in this directory:

  C:\Users\Administrator\Desktop\Work\deathoftheknownuniverse

[info] 
=== Project Setup
[info] 
[info] First, let's associate this project directory with a Firebase project.
[info] You can create multiple project aliases by running firebase use --add, 
[info] but for now we'll just set up a default project.
[info] 
[debug] [2024-11-17T12:39:55.386Z] Checked if tokens are valid: true, expires at: 1731850706323
[debug] [2024-11-17T12:39:55.387Z] Checked if tokens are valid: true, expires at: 1731850706323
[debug] [2024-11-17T12:39:55.390Z] >>> [apiv2][query] GET https://firebase.googleapis.com/v1beta1/projects pageSize=100
[debug] [2024-11-17T12:39:56.231Z] <<< [apiv2][status] GET https://firebase.googleapis.com/v1beta1/projects 200
[debug] [2024-11-17T12:39:56.231Z] <<< [apiv2][body] GET https://firebase.googleapis.com/v1beta1/projects [omitted]
[info] i  Using project deathoftheknownuniverse (deathoftheknownuniverse) 
[info] 
=== Hosting Setup
[debug] [2024-11-17T12:39:57.919Z] Checked if tokens are valid: true, expires at: 1731850706323
[debug] [2024-11-17T12:39:57.919Z] Checked if tokens are valid: true, expires at: 1731850706323
[debug] [2024-11-17T12:39:57.919Z] >>> [apiv2][query] GET https://firebase.googleapis.com/v1beta1/projects/deathoftheknownuniverse [none]
[debug] [2024-11-17T12:39:58.187Z] <<< [apiv2][status] GET https://firebase.googleapis.com/v1beta1/projects/deathoftheknownuniverse 200
[debug] [2024-11-17T12:39:58.187Z] <<< [apiv2][body] GET https://firebase.googleapis.com/v1beta1/projects/deathoftheknownuniverse {"projectId":"deathoftheknownuniverse","projectNumber":"1047114748186","displayName":"deathoftheknownuniverse","name":"projects/deathoftheknownuniverse","resources":{"hostingSite":"deathoftheknownuniverse"},"state":"ACTIVE","etag":"1_f5a53941-b76a-4f78-8b38-42f97dd8a82e"}
[info] 
[info] Your public directory is the folder (relative to your project directory) that
[info] will contain Hosting assets to be uploaded with firebase deploy. If you
[info] have a build process for your assets, use your build's output directory.
[info] 
[debug] [2024-11-17T12:40:19.251Z] >>> [apiv2][query] GET https://www.gstatic.com/firebasejs/releases.json [none]
[debug] [2024-11-17T12:40:20.589Z] <<< [apiv2][status] GET https://www.gstatic.com/firebasejs/releases.json 200
[debug] [2024-11-17T12:40:20.589Z] <<< [apiv2][body] GET https://www.gstatic.com/firebasejs/releases.json {"current":{"version":"11.0.2","browserURL":"https://www.gstatic.com/firebasejs/11.0.2/firebase.js","packageURL":"https://www.gstatic.com/firebasejs/11.0.2/firebase.tgz"},"live":{"version":"11.0","browserURL":"https://www.gstatic.com/firebasejs/live/11.0/firebase.js","packageURL":"https://www.gstatic.com/firebasejs/live/11.0/firebase.tgz"},"components":{"analytics":"https://www.gstatic.com/firebasejs/11.0.2/firebase-analytics.js","app":"https://www.gstatic.com/firebasejs/11.0.2/firebase-app.js","app-check":"https://www.gstatic.com/firebasejs/11.0.2/firebase-app-check.js","auth":"https://www.gstatic.com/firebasejs/11.0.2/firebase-auth.js","auth/cordova":"https://www.gstatic.com/firebasejs/11.0.2/firebase-auth/cordova.js","auth/web-extension":"https://www.gstatic.com/firebasejs/11.0.2/firebase-auth/web-extension.js","functions":"https://www.gstatic.com/firebasejs/11.0.2/firebase-functions.js","firestore":"https://www.gstatic.com/firebasejs/11.0.2/firebase-firestore.js","firestore/lite":"https://www.gstatic.com/firebasejs/11.0.2/firebase-firestore/lite.js","installations":"https://www.gstatic.com/firebasejs/11.0.2/firebase-installations.js","storage":"https://www.gstatic.com/firebasejs/11.0.2/firebase-storage.js","performance":"https://www.gstatic.com/firebasejs/11.0.2/firebase-performance.js","remote-config":"https://www.gstatic.com/firebasejs/11.0.2/firebase-remote-config.js","messaging":"https://www.gstatic.com/firebasejs/11.0.2/firebase-messaging.js","messaging/sw":"https://www.gstatic.com/firebasejs/11.0.2/firebase-messaging/sw.js","database":"https://www.gstatic.com/firebasejs/11.0.2/firebase-database.js","vertexai":"https://www.gstatic.com/firebasejs/11.0.2/firebase-vertexai.js","data-connect":"https://www.gstatic.com/firebasejs/11.0.2/firebase-data-connect.js","firestore.memory":"https://www.gstatic.com/firebasejs/11.0.2/firebase-firestore.memory.js"}}
[info] +  Wrote build/index.html 
[info] 
[info] i  Detected a .git folder at C:\Users\Administrator\Desktop\Work\deathoftheknownuniverse 
[info] i  Authorizing with GitHub to upload your service account to a GitHub repository's secrets store. 
[info] 
[info] Visit this URL on this device to log in:
[info] https://github.com/login/oauth/authorize?client_id=89cf50f02ac6aaed3484&state=517102481&redirect_uri=http%3A%2F%2Flocalhost%3A9005&scope=read%3Auser%20repo%20public_repo
[info] 
[info] Waiting for authentication...
[debug] [2024-11-17T12:40:45.259Z] >>> [apiv2][query] POST https://github.com/login/oauth/access_token [none]
[debug] [2024-11-17T12:40:45.259Z] >>> [apiv2][body] POST https://github.com/login/oauth/access_token [stream]
[debug] [2024-11-17T12:40:46.147Z] <<< [apiv2][status] POST https://github.com/login/oauth/access_token 200
[debug] [2024-11-17T12:40:46.147Z] <<< [apiv2][body] POST https://github.com/login/oauth/access_token {"access_token":"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","token_type":"bearer","scope":"read:user,repo"}
[debug] [2024-11-17T12:40:46.155Z] >>> [apiv2][query] GET https://api.github.com/user [none]
[debug] [2024-11-17T12:40:46.617Z] <<< [apiv2][status] GET https://api.github.com/user 200
[debug] [2024-11-17T12:40:46.617Z] <<< [apiv2][body] GET https://api.github.com/user {"login":"RaresRech","id":116717436,"node_id":"U_kgDOBvT3fA","avatar_url":"https://avatars.githubusercontent.com/u/116717436?v=4","gravatar_id":"","url":"https://api.github.com/users/RaresRech","html_url":"https://github.com/RaresRech","followers_url":"https://api.github.com/users/RaresRech/followers","following_url":"https://api.github.com/users/RaresRech/following{/other_user}","gists_url":"https://api.github.com/users/RaresRech/gists{/gist_id}","starred_url":"https://api.github.com/users/RaresRech/starred{/owner}{/repo}","subscriptions_url":"https://api.github.com/users/RaresRech/subscriptions","organizations_url":"https://api.github.com/users/RaresRech/orgs","repos_url":"https://api.github.com/users/RaresRech/repos","events_url":"https://api.github.com/users/RaresRech/events{/privacy}","received_events_url":"https://api.github.com/users/RaresRech/received_events","type":"User","user_view_type":"private","site_admin":false,"name":"Rechesan Rares","company":null,"blog":"","location":"Romania","email":null,"hireable":null,"bio":null,"twitter_username":null,"notification_email":null,"public_repos":4,"public_gists":0,"followers":0,"following":3,"created_at":"2022-10-26T09:13:17Z","updated_at":"2024-10-04T09:48:06Z","private_gists":0,"total_private_repos":9,"owned_private_repos":9,"disk_usage":1083691,"collaborators":2,"two_factor_authentication":false,"plan":{"name":"free","space":976562499,"collaborators":0,"private_repos":10000}}
[info] 
[info] +  Success! Logged into GitHub as RaresRech 
[info] 
[debug] [2024-11-17T12:41:09.275Z] >>> [apiv2][query] GET https://api.github.com/repos/RaresRech/deathoftheknownuniverse/actions/secrets/public-key type=owner
[debug] [2024-11-17T12:41:09.768Z] <<< [apiv2][status] GET https://api.github.com/repos/RaresRech/deathoftheknownuniverse/actions/secrets/public-key 404
[debug] [2024-11-17T12:41:09.768Z] <<< [apiv2][body] GET https://api.github.com/repos/RaresRech/deathoftheknownuniverse/actions/secrets/public-key {"message":"Not Found","documentation_url":"https://docs.github.com/rest/actions/secrets#get-a-repository-public-key","status":"404"}
[info] 
[info] 
[error] !  The provided authorization cannot be used with this repository. If this repository is in an organization, did you remember to grant access? 
[info] 
[info] i  Action required: Visit this URL to ensure access has been granted to the appropriate organization(s) for the Firebase CLI GitHub OAuth App: 
[info] https://github.com/settings/connections/applications/89cf50f02ac6aaed3484
[info] 
[debug] [2024-11-17T12:41:17.154Z] >>> [apiv2][query] GET https://api.github.com/repos/RaresRech/deathoftheknownuniverse/actions/secrets/public-key type=owner
[debug] [2024-11-17T12:41:20.969Z] <<< [apiv2][status] GET https://api.github.com/repos/RaresRech/deathoftheknownuniverse/actions/secrets/public-key 404
[debug] [2024-11-17T12:41:20.969Z] <<< [apiv2][body] GET https://api.github.com/repos/RaresRech/deathoftheknownuniverse/actions/secrets/public-key {"message":"Not Found","documentation_url":"https://docs.github.com/rest/actions/secrets#get-a-repository-public-key","status":"404"}
[info] 
[info] 
[error] !  The provided authorization cannot be used with this repository. If this repository is in an organization, did you remember to grant access? 
[info] 
[info] i  Action required: Visit this URL to ensure access has been granted to the appropriate organization(s) for the Firebase CLI GitHub OAuth App: 
[info] https://github.com/settings/connections/applications/89cf50f02ac6aaed3484
[info] 
